[LOG] System::create                           : Header version = 2.02.15. Current version = 2.02.15.
[LOG] Manager::init                            : maxchannels = 256 studioflags = 00000006 flags 00000000 extradriverdata 0x0.
[LOG] SystemI::init                            : Initialize version=20215 (134211), maxchannels=256, flags=0x00020000
[LOG] SystemI::setOutputInternal               : Setting output to 'FMOD Core Audio Output'
[LOG] OutputCoreAudio::init                    : Output running 2 channels at 44100Hz sample rate.
[LOG] OutputCoreAudio::init                    : Maximum hardware read size: 512 samples, Software buffer size: 512 samples, Number of software buffers: 4.
[LOG] SystemI::init                            : Output requires a sample rate of 44100Hz, resampling will occur.
[LOG] Thread::initThread                       : Init FMOD stream thread. Affinity: 0x4000000000000003, Priority: 0xFFFF7FFB, Stack Size: 98304, Semaphore: No, Sleep Time: 10, Looping: Yes.
[LOG] Thread::initThread                       : Init FMOD mixer thread. Affinity: 0x4000000000000001, Priority: 0xFFFF7FFA, Stack Size: 81920, Semaphore: Yes, Sleep Time: 0, Looping: Yes.
[LOG] AsyncManager::init                       : manager 0x307941808 isAsync 0 updatePeriod 0.02
[LOG] AsyncManager::init                       : done
[LOG] PlaybackSystem::init                     : 
[LOG] Thread::initThread                       : Init FMOD Studio sample load thread. Affinity: 0x4000000000000003, Priority: 0xFFFF7FFD, Stack Size: 98304, Semaphore: No, Sleep Time: 1, Looping: No.
[LOG] PlaybackSystem::init                     : done
[LOG] Thread::initThread                       : Init FMOD Studio bank load thread. Affinity: 0x4000000000000003, Priority: 0xFFFF7FFD, Stack Size: 98304, Semaphore: No, Sleep Time: 1, Looping: No.
[LOG] Manager::init                            : done.
[LOG] Manager::readBank                        : fileversion = 142, compatVersion = 140 (oldest = 44, newest = 142)
[LOG] Manager::readBank                        : fileversion = 142, compatVersion = 140 (oldest = 44, newest = 142)
[LOG] Manager::readBank                        : fileversion = 142, compatVersion = 140 (oldest = 44, newest = 142)
[LOG] PlaybackSystem::acquireMasterBus         : Setting master channel group format to 6
[LOG] Manager::readBank                        : fileversion = 142, compatVersion = 140 (oldest = 44, newest = 142)
[LOG] SystemI::createSoundInternal             : Create name='', mode=0x02000202
[LOG] SystemI::createSoundInternal             : exinfo->cbsize             = 224
[LOG] SystemI::createSoundInternal             : exinfo->length             = 117088
[LOG] SystemI::createSoundInternal             : exinfo->fileoffset         = 9056
[LOG] SystemI::createSoundInternal             : exinfo->numsubsounds       = 1
[LOG] SystemI::createSoundInternal             : exinfo->inclusionlist      = 0x1776c67f4
[LOG] SystemI::createSoundInternal             : exinfo->inclusionlistnum   = 1
[LOG] SystemI::createSoundInternal             : exinfo->suggestedsoundtype = 5
[LOG] SystemI::createSoundInternal             : exinfo->useropen           = 0x30d9989e4
[LOG] SystemI::createSoundInternal             : exinfo->userclose          = 0x30d998ab4
[LOG] SystemI::createSoundInternal             : exinfo->userread           = 0x30d998af0
[LOG] SystemI::createSoundInternal             : exinfo->userseek           = 0x30d998bc0
[LOG] SystemI::createSoundInternal             : exinfo->fileuserdata       = 0x32c244798
[LOG] SystemI::createSoundInternal             : exinfo->initialseekpostype = 1
[LOG] SystemI::DSPCodecPoolRegister            : register codec pool for pool type 5
[LOG] SystemI::createSoundInternal             : Sample 0/1: name='Woosh 5-Swoosh - Tube 16', format=5, channels=2, frequency=48000, lengthbytes=4288, lengthpcm=96548, pcmblocksize=0, loopstart=0, loopend=0, mode=0x00000000, channelmask=0x00000000, channelorder=0, peakvolume=0.545380.
[LOG] SystemI::createSoundInternal             : Create name='', mode=0x02000202
[LOG] SystemI::createSoundInternal             : exinfo->cbsize             = 224
[LOG] SystemI::createSoundInternal             : exinfo->length             = 117088
[LOG] SystemI::createSoundInternal             : exinfo->fileoffset         = 9056
[LOG] SystemI::createSoundInternal             : exinfo->numsubsounds       = 1
[LOG] SystemI::createSoundInternal             : exinfo->inclusionlist      = 0x1776c67f4
[LOG] SystemI::createSoundInternal             : exinfo->inclusionlistnum   = 1
[LOG] SystemI::createSoundInternal             : exinfo->suggestedsoundtype = 5
[LOG] SystemI::createSoundInternal             : exinfo->useropen           = 0x30d9989e4
[LOG] SystemI::createSoundInternal             : exinfo->userclose          = 0x30d998ab4
[LOG] SystemI::createSoundInternal             : exinfo->userread           = 0x30d998af0
[LOG] SystemI::createSoundInternal             : exinfo->userseek           = 0x30d998bc0
[LOG] SystemI::createSoundInternal             : exinfo->fileuserdata       = 0x32c244798
[LOG] SystemI::createSoundInternal             : exinfo->initialseekpostype = 1
[LOG] SystemI::DSPCodecPoolRegister            : register codec pool for pool type 5
[LOG] SystemI::createSoundInternal             : Sample 0/1: name='Woosh 3-Swoosh - Tube 14', format=5, channels=2, frequency=48000, lengthbytes=6336, lengthpcm=96548, pcmblocksize=0, loopstart=0, loopend=0, mode=0x00000000, channelmask=0x00000000, channelorder=0, peakvolume=0.497345.
[LOG] SystemI::createSoundInternal             : Create name='', mode=0x02000202
[LOG] SystemI::createSoundInternal             : exinfo->cbsize             = 224
[LOG] SystemI::createSoundInternal             : exinfo->length             = 117088
[LOG] SystemI::createSoundInternal             : exinfo->fileoffset         = 9056
[LOG] SystemI::createSoundInternal             : exinfo->numsubsounds       = 1
[LOG] SystemI::createSoundInternal             : exinfo->inclusionlist      = 0x1776c67f4
[LOG] SystemI::createSoundInternal             : exinfo->inclusionlistnum   = 1
[LOG] SystemI::createSoundInternal             : exinfo->suggestedsoundtype = 5
[LOG] SystemI::createSoundInternal             : exinfo->useropen           = 0x30d9989e4
[LOG] SystemI::createSoundInternal             : exinfo->userclose          = 0x30d998ab4
[LOG] SystemI::createSoundInternal             : exinfo->userread           = 0x30d998af0
[LOG] SystemI::createSoundInternal             : exinfo->userseek           = 0x30d998bc0
[LOG] SystemI::createSoundInternal             : exinfo->fileuserdata       = 0x32c244798
[LOG] SystemI::createSoundInternal             : exinfo->initialseekpostype = 1
[LOG] SystemI::DSPCodecPoolRegister            : register codec pool for pool type 5
[LOG] SystemI::createSoundInternal             : Sample 0/1: name='Woosh 2-Swoosh - Tube 13', format=5, channels=2, frequency=48000, lengthbytes=10624, lengthpcm=96548, pcmblocksize=0, loopstart=0, loopend=0, mode=0x00000000, channelmask=0x00000000, channelorder=0, peakvolume=0.698456.
[LOG] SystemI::createSoundInternal             : Create name='', mode=0x02000202
[LOG] SystemI::createSoundInternal             : exinfo->cbsize             = 224
[LOG] SystemI::createSoundInternal             : exinfo->length             = 117088
[LOG] SystemI::createSoundInternal             : exinfo->fileoffset         = 9056
[LOG] SystemI::createSoundInternal             : exinfo->numsubsounds       = 1
[LOG] SystemI::createSoundInternal             : exinfo->inclusionlist      = 0x1776c67f4
[LOG] SystemI::createSoundInternal             : exinfo->inclusionlistnum   = 1
[LOG] SystemI::createSoundInternal             : exinfo->suggestedsoundtype = 5
[LOG] SystemI::createSoundInternal             : exinfo->useropen           = 0x30d9989e4
[LOG] SystemI::createSoundInternal             : exinfo->userclose          = 0x30d998ab4
[LOG] SystemI::createSoundInternal             : exinfo->userread           = 0x30d998af0
[LOG] SystemI::createSoundInternal             : exinfo->userseek           = 0x30d998bc0
[LOG] SystemI::createSoundInternal             : exinfo->fileuserdata       = 0x32c244798
[LOG] SystemI::createSoundInternal             : exinfo->initialseekpostype = 1
[LOG] SystemI::DSPCodecPoolRegister            : register codec pool for pool type 5
[LOG] SystemI::createSoundInternal             : Sample 0/1: name='Woosh 4-Swoosh - Tube 15', format=5, channels=2, frequency=48000, lengthbytes=10464, lengthpcm=96548, pcmblocksize=0, loopstart=0, loopend=0, mode=0x00000000, channelmask=0x00000000, channelorder=0, peakvolume=0.602966.
[LOG] SystemI::createSoundInternal             : Create name='', mode=0x02000202
[LOG] SystemI::createSoundInternal             : exinfo->cbsize             = 224
[LOG] SystemI::createSoundInternal             : exinfo->length             = 117088
[LOG] SystemI::createSoundInternal             : exinfo->fileoffset         = 9056
[LOG] SystemI::createSoundInternal             : exinfo->numsubsounds       = 1
[LOG] SystemI::createSoundInternal             : exinfo->inclusionlist      = 0x1776c67f4
[LOG] SystemI::createSoundInternal             : exinfo->inclusionlistnum   = 1
[LOG] SystemI::createSoundInternal             : exinfo->suggestedsoundtype = 5
[LOG] SystemI::createSoundInternal             : exinfo->useropen           = 0x30d9989e4
[LOG] SystemI::createSoundInternal             : exinfo->userclose          = 0x30d998ab4
[LOG] SystemI::createSoundInternal             : exinfo->userread           = 0x30d998af0
[LOG] SystemI::createSoundInternal             : exinfo->userseek           = 0x30d998bc0
[LOG] SystemI::createSoundInternal             : exinfo->fileuserdata       = 0x32c23ef88
[LOG] SystemI::createSoundInternal             : exinfo->initialseekpostype = 1
[LOG] SystemI::DSPCodecPoolRegister            : register codec pool for pool type 5
[LOG] SystemI::createSoundInternal             : Sample 0/1: name='Daño enemigos', format=5, channels=2, frequency=48000, lengthbytes=17600, lengthpcm=72724, pcmblocksize=0, loopstart=0, loopend=0, mode=0x00000000, channelmask=0x00000000, channelorder=0, peakvolume=0.332458.
[LOG] SystemI::createSoundInternal             : Create name='', mode=0x02000202
[LOG] SystemI::createSoundInternal             : exinfo->cbsize             = 224
[LOG] SystemI::createSoundInternal             : exinfo->length             = 117088
[LOG] SystemI::createSoundInternal             : exinfo->fileoffset         = 9056
[LOG] SystemI::createSoundInternal             : exinfo->numsubsounds       = 1
[LOG] SystemI::createSoundInternal             : exinfo->inclusionlist      = 0x1776c67f4
[LOG] SystemI::createSoundInternal             : exinfo->inclusionlistnum   = 1
[LOG] SystemI::createSoundInternal             : exinfo->suggestedsoundtype = 5
[LOG] SystemI::createSoundInternal             : exinfo->useropen           = 0x30d9989e4
[LOG] SystemI::createSoundInternal             : exinfo->userclose          = 0x30d998ab4
[LOG] SystemI::createSoundInternal             : exinfo->userread           = 0x30d998af0
[LOG] SystemI::createSoundInternal             : exinfo->userseek           = 0x30d998bc0
[LOG] SystemI::createSoundInternal             : exinfo->fileuserdata       = 0x32a9aadb8
[LOG] SystemI::createSoundInternal             : exinfo->initialseekpostype = 1
[LOG] SystemI::DSPCodecPoolRegister            : register codec pool for pool type 5
[LOG] SystemI::createSoundInternal             : Sample 0/1: name='Muerte enemigos', format=5, channels=2, frequency=48000, lengthbytes=36736, lengthpcm=186827, pcmblocksize=0, loopstart=0, loopend=0, mode=0x00000000, channelmask=0x00000000, channelorder=0, peakvolume=0.426422.
[LOG] SoundI::release                          :  (0x32c241c38)
[LOG] SoundI::release                          :     Woosh 2-Swoosh - Tube 13 (0x32c241da8)
[LOG] SoundI::release                          :  (0x32c245698)
[LOG] SoundI::release                          :     Woosh 3-Swoosh - Tube 14 (0x32c245808)
[LOG] SoundI::release                          :  (0x32c2420c8)
[LOG] SoundI::release                          :     Woosh 4-Swoosh - Tube 15 (0x32c241388)
[LOG] SoundI::release                          :  (0x32c245148)
[LOG] SoundI::release                          :     Woosh 5-Swoosh - Tube 16 (0x32c245358)
[LOG] SoundI::release                          :  (0x32c233268)
[LOG] SoundI::release                          :     Daño enemigos (0x32a9fe168)
[LOG] SoundI::release                          :  (0x32c233dc8)
[LOG] SoundI::release                          :     Muerte enemigos (0x32a905a28)
[LOG] Thread::callback                         : FMOD Studio update thread finished.
[LOG] Thread::callback                         : FMOD Studio bank load thread finished.
[LOG] Profile::disconnectAll                   : Profiler disconnecting all clients
[LOG] Thread::callback                         : FMOD Studio sample load thread finished.
[LOG] LiveUpdate::release                      : 
[LOG] LiveUpdate::reset                        : Reset connection (reason Disconnected)
[LOG] Thread::callback                         : FMOD stream thread finished.
[LOG] Thread::callback                         : FMOD mixer thread finished.
[LOG] Profile::disconnectAll                   : Profiler disconnecting all clients
[LOG] SystemI::close                           : Closed.
[LOG] Manager::readBank                        : fileversion = 142, compatVersion = 140 (oldest = 44, newest = 142)
[LOG] Manager::readBank                        : fileversion = 142, compatVersion = 140 (oldest = 44, newest = 142)
[LOG] Manager::readBank                        : fileversion = 142, compatVersion = 140 (oldest = 44, newest = 142)
[LOG] PlaybackSystem::acquireMasterBus         : Setting master channel group format to 6
[LOG] Manager::readBank                        : fileversion = 142, compatVersion = 140 (oldest = 44, newest = 142)
[LOG] Thread::callback                         : FMOD Studio bank load thread finished.
[LOG] Thread::callback                         : FMOD Studio sample load thread finished.
[LOG] LiveUpdate::release                      : 
[LOG] LiveUpdate::reset                        : Reset connection (reason Disconnected)
[LOG] Thread::callback                         : FMOD stream thread finished.
[LOG] Thread::callback                         : FMOD mixer thread finished.
[LOG] SystemI::close                           : Closed.
